# JRE version: OpenJDK Runtime Environment Temurin-17.0.10+7 (17.0.10+7) (build 17.0.10+7)
# Java VM: OpenJDK 64-Bit Server VM Temurin-17.0.10+7 (17.0.10+7, mixed mode, tiered, compressed oops, compressed class ptrs, parallel gc, windows-amd64)
GC Precious Log:
 CPUs: 16 total, 16 available
 Memory: 7860M
 Large Page Support: Disabled
 NUMA Support: Disabled
 Compressed Oops: Enabled (32-bit)
 Alignments: Space 512K, Generation 512K, Heap 2M
 Heap Min Capacity: 100M
 Heap Initial Capacity: 100M
 Heap Max Capacity: 1G
 Pre-touch: Disabled
 Parallel Workers: 13
Heap:
 PSYoungGen      total 10752K, used 7857K [0x00000000eab00000, 0x00000000eb800000, 0x0000000100000000)
  eden space 10240K, 71% used [0x00000000eab00000,0x00000000eb22c6e8,0x00000000eb500000)
  from space 512K, 100% used [0x00000000eb680000,0x00000000eb700000,0x00000000eb700000)
  to   space 1024K, 0% used [0x00000000eb700000,0x00000000eb700000,0x00000000eb800000)
 ParOldGen       total 94208K, used 78843K [0x00000000c0000000, 0x00000000c5c00000, 0x00000000eab00000)
  object space 94208K, 83% used [0x00000000c0000000,0x00000000c4cfeeb0,0x00000000c5c00000)
 Metaspace       used 80598K, committed 81984K, reserved 1179648K
  class space    used 8179K, committed 8768K, reserved 1048576K
GC Heap History (20 events):
Event: 4141.390 GC heap before
{Heap before GC invocations=143 (full 8):
 PSYoungGen      total 12800K, used 12795K [0x00000000eab00000, 0x00000000ebb00000, 0x0000000100000000)
  eden space 10240K, 100% used [0x00000000eab00000,0x00000000eb500000,0x00000000eb500000)
  from space 2560K, 99% used [0x00000000eb500000,0x00000000eb77efe0,0x00000000eb780000)
  to   space 3072K, 0% used [0x00000000eb800000,0x00000000eb800000,0x00000000ebb00000)
 ParOldGen       total 94208K, used 68614K [0x00000000c0000000, 0x00000000c5c00000, 0x00000000eab00000)
  object space 94208K, 72% used [0x00000000c0000000,0x00000000c43019a8,0x00000000c5c00000)
 Metaspace       used 80380K, committed 81920K, reserved 1179648K
  class space    used 8170K, committed 8768K, reserved 1048576K
}
Event: 4141.393 GC heap after
{Heap after GC invocations=143 (full 8):
 PSYoungGen      total 12288K, used 1675K [0x00000000eab00000, 0x00000000eba00000, 0x0000000100000000)
  eden space 10240K, 0% used [0x00000000eab00000,0x00000000eab00000,0x00000000eb500000)
  from space 2048K, 81% used [0x00000000eb800000,0x00000000eb9a2c18,0x00000000eba00000)
  to   space 2048K, 0% used [0x00000000eb600000,0x00000000eb600000,0x00000000eb800000)
 ParOldGen       total 94208K, used 70898K [0x00000000c0000000, 0x00000000c5c00000, 0x00000000eab00000)
  object space 94208K, 75% used [0x00000000c0000000,0x00000000c453c9a0,0x00000000c5c00000)
 Metaspace       used 80380K, committed 81920K, reserved 1179648K
  class space    used 8170K, committed 8768K, reserved 1048576K
}
Event: 4141.471 GC heap before
{Heap before GC invocations=144 (full 8):
 PSYoungGen      total 12288K, used 11915K [0x00000000eab00000, 0x00000000eba00000, 0x0000000100000000)
  eden space 10240K, 100% used [0x00000000eab00000,0x00000000eb500000,0x00000000eb500000)
  from space 2048K, 81% used [0x00000000eb800000,0x00000000eb9a2c18,0x00000000eba00000)
  to   space 2048K, 0% used [0x00000000eb600000,0x00000000eb600000,0x00000000eb800000)
 ParOldGen       total 94208K, used 70898K [0x00000000c0000000, 0x00000000c5c00000, 0x00000000eab00000)
  object space 94208K, 75% used [0x00000000c0000000,0x00000000c453c9a0,0x00000000c5c00000)
 Metaspace       used 80383K, committed 81920K, reserved 1179648K
  class space    used 8170K, committed 8768K, reserved 1048576K
}
Event: 4141.473 GC heap after
{Heap after GC invocations=144 (full 8):
 PSYoungGen      total 12288K, used 2043K [0x00000000eab00000, 0x00000000ebd00000, 0x0000000100000000)
  eden space 10240K, 0% used [0x00000000eab00000,0x00000000eab00000,0x00000000eb500000)
  from space 2048K, 99% used [0x00000000eb600000,0x00000000eb7fec18,0x00000000eb800000)
  to   space 4096K, 0% used [0x00000000eb900000,0x00000000eb900000,0x00000000ebd00000)
 ParOldGen       total 94208K, used 72392K [0x00000000c0000000, 0x00000000c5c00000, 0x00000000eab00000)
  object space 94208K, 76% used [0x00000000c0000000,0x00000000c46b2008,0x00000000c5c00000)
 Metaspace       used 80383K, committed 81920K, reserved 1179648K
  class space    used 8170K, committed 8768K, reserved 1048576K
}
Event: 4141.558 GC heap before
{Heap before GC invocations=145 (full 8):
 PSYoungGen      total 12288K, used 12283K [0x00000000eab00000, 0x00000000ebd00000, 0x0000000100000000)
  eden space 10240K, 100% used [0x00000000eab00000,0x00000000eb500000,0x00000000eb500000)
  from space 2048K, 99% used [0x00000000eb600000,0x00000000eb7fec18,0x00000000eb800000)
  to   space 4096K, 0% used [0x00000000eb900000,0x00000000eb900000,0x00000000ebd00000)
 ParOldGen       total 94208K, used 72392K [0x00000000c0000000, 0x00000000c5c00000, 0x00000000eab00000)
  object space 94208K, 76% used [0x00000000c0000000,0x00000000c46b2008,0x00000000c5c00000)
 Metaspace       used 80385K, committed 81920K, reserved 1179648K
  class space    used 8170K, committed 8768K, reserved 1048576K
}
Event: 4141.560 GC heap after
{Heap after GC invocations=145 (full 8):
 PSYoungGen      total 12288K, used 1696K [0x00000000eab00000, 0x00000000ebb00000, 0x0000000100000000)
  eden space 10240K, 0% used [0x00000000eab00000,0x00000000eab00000,0x00000000eb500000)
  from space 2048K, 82% used [0x00000000eb900000,0x00000000ebaa8000,0x00000000ebb00000)
  to   space 2560K, 0% used [0x00000000eb600000,0x00000000eb600000,0x00000000eb880000)
 ParOldGen       total 94208K, used 74268K [0x00000000c0000000, 0x00000000c5c00000, 0x00000000eab00000)
  object space 94208K, 78% used [0x00000000c0000000,0x00000000c4887258,0x00000000c5c00000)
 Metaspace       used 80385K, committed 81920K, reserved 1179648K
  class space    used 8170K, committed 8768K, reserved 1048576K
}
Event: 4141.649 GC heap before
{Heap before GC invocations=146 (full 8):
 PSYoungGen      total 12288K, used 11936K [0x00000000eab00000, 0x00000000ebb00000, 0x0000000100000000)
  eden space 10240K, 100% used [0x00000000eab00000,0x00000000eb500000,0x00000000eb500000)
  from space 2048K, 82% used [0x00000000eb900000,0x00000000ebaa8000,0x00000000ebb00000)
  to   space 2560K, 0% used [0x00000000eb600000,0x00000000eb600000,0x00000000eb880000)
 ParOldGen       total 94208K, used 74268K [0x00000000c0000000, 0x00000000c5c00000, 0x00000000eab00000)
  object space 94208K, 78% used [0x00000000c0000000,0x00000000c4887258,0x00000000c5c00000)
 Metaspace       used 80424K, committed 81920K, reserved 1179648K
  class space    used 8170K, committed 8768K, reserved 1048576K
}
Event: 4141.651 GC heap after
{Heap after GC invocations=146 (full 8):
 PSYoungGen      total 11776K, used 1348K [0x00000000eab00000, 0x00000000eb980000, 0x0000000100000000)
  eden space 10240K, 0% used [0x00000000eab00000,0x00000000eab00000,0x00000000eb500000)
  from space 1536K, 87% used [0x00000000eb600000,0x00000000eb7513f0,0x00000000eb780000)
  to   space 2048K, 0% used [0x00000000eb780000,0x00000000eb780000,0x00000000eb980000)
 ParOldGen       total 94208K, used 75778K [0x00000000c0000000, 0x00000000c5c00000, 0x00000000eab00000)
  object space 94208K, 80% used [0x00000000c0000000,0x00000000c4a00810,0x00000000c5c00000)
 Metaspace       used 80424K, committed 81920K, reserved 1179648K
  class space    used 8170K, committed 8768K, reserved 1048576K
}
Event: 4141.690 GC heap before
{Heap before GC invocations=147 (full 8):
 PSYoungGen      total 11776K, used 11588K [0x00000000eab00000, 0x00000000eb980000, 0x0000000100000000)
  eden space 10240K, 100% used [0x00000000eab00000,0x00000000eb500000,0x00000000eb500000)
  from space 1536K, 87% used [0x00000000eb600000,0x00000000eb7513f0,0x00000000eb780000)
  to   space 2048K, 0% used [0x00000000eb780000,0x00000000eb780000,0x00000000eb980000)
 ParOldGen       total 94208K, used 75778K [0x00000000c0000000, 0x00000000c5c00000, 0x00000000eab00000)
  object space 94208K, 80% used [0x00000000c0000000,0x00000000c4a00810,0x00000000c5c00000)
 Metaspace       used 80435K, committed 81984K, reserved 1179648K
  class space    used 8170K, committed 8768K, reserved 1048576K
}
Event: 4141.691 GC heap after
{Heap after GC invocations=147 (full 8):
 PSYoungGen      total 11264K, used 746K [0x00000000eab00000, 0x00000000eb880000, 0x0000000100000000)
  eden space 10240K, 0% used [0x00000000eab00000,0x00000000eab00000,0x00000000eb500000)
  from space 1024K, 72% used [0x00000000eb780000,0x00000000eb83a998,0x00000000eb880000)
  to   space 1024K, 0% used [0x00000000eb680000,0x00000000eb680000,0x00000000eb780000)
 ParOldGen       total 94208K, used 76969K [0x00000000c0000000, 0x00000000c5c00000, 0x00000000eab00000)
  object space 94208K, 81% used [0x00000000c0000000,0x00000000c4b2a4a8,0x00000000c5c00000)
 Metaspace       used 80435K, committed 81984K, reserved 1179648K
  class space    used 8170K, committed 8768K, reserved 1048576K
}
Event: 4142.762 GC heap before
{Heap before GC invocations=148 (full 8):
 PSYoungGen      total 11264K, used 10986K [0x00000000eab00000, 0x00000000eb880000, 0x0000000100000000)
  eden space 10240K, 99% used [0x00000000eab00000,0x00000000eb4fffd8,0x00000000eb500000)
  from space 1024K, 72% used [0x00000000eb780000,0x00000000eb83a998,0x00000000eb880000)
  to   space 1024K, 0% used [0x00000000eb680000,0x00000000eb680000,0x00000000eb780000)
 ParOldGen       total 94208K, used 76969K [0x00000000c0000000, 0x00000000c5c00000, 0x00000000eab00000)
  object space 94208K, 81% used [0x00000000c0000000,0x00000000c4b2a4a8,0x00000000c5c00000)
 Metaspace       used 80435K, committed 81984K, reserved 1179648K
  class space    used 8170K, committed 8768K, reserved 1048576K
}
Event: 4142.765 GC heap after
{Heap after GC invocations=148 (full 8):
 PSYoungGen      total 11264K, used 896K [0x00000000eab00000, 0x00000000eb800000, 0x0000000100000000)
  eden space 10240K, 0% used [0x00000000eab00000,0x00000000eab00000,0x00000000eb500000)
  from space 1024K, 87% used [0x00000000eb680000,0x00000000eb7602d0,0x00000000eb780000)
  to   space 512K, 0% used [0x00000000eb780000,0x00000000eb780000,0x00000000eb800000)
 ParOldGen       total 94208K, used 77477K [0x00000000c0000000, 0x00000000c5c00000, 0x00000000eab00000)
  object space 94208K, 82% used [0x00000000c0000000,0x00000000c4ba9570,0x00000000c5c00000)
 Metaspace       used 80435K, committed 81984K, reserved 1179648K
  class space    used 8170K, committed 8768K, reserved 1048576K
}
Event: 4690.268 GC heap before
{Heap before GC invocations=149 (full 8):
 PSYoungGen      total 11264K, used 11136K [0x00000000eab00000, 0x00000000eb800000, 0x0000000100000000)
  eden space 10240K, 99% used [0x00000000eab00000,0x00000000eb4ffff0,0x00000000eb500000)
  from space 1024K, 87% used [0x00000000eb680000,0x00000000eb7602d0,0x00000000eb780000)
  to   space 512K, 0% used [0x00000000eb780000,0x00000000eb780000,0x00000000eb800000)
 ParOldGen       total 94208K, used 77477K [0x00000000c0000000, 0x00000000c5c00000, 0x00000000eab00000)
  object space 94208K, 82% used [0x00000000c0000000,0x00000000c4ba9570,0x00000000c5c00000)
 Metaspace       used 80456K, committed 81984K, reserved 1179648K
  class space    used 8173K, committed 8768K, reserved 1048576K
}
Event: 4690.410 GC heap after
{Heap after GC invocations=149 (full 8):
 PSYoungGen      total 10752K, used 480K [0x00000000eab00000, 0x00000000eb800000, 0x0000000100000000)
  eden space 10240K, 0% used [0x00000000eab00000,0x00000000eab00000,0x00000000eb500000)
  from space 512K, 93% used [0x00000000eb780000,0x00000000eb7f8000,0x00000000eb800000)
  to   space 1024K, 0% used [0x00000000eb600000,0x00000000eb600000,0x00000000eb700000)
 ParOldGen       total 94208K, used 78151K [0x00000000c0000000, 0x00000000c5c00000, 0x00000000eab00000)
  object space 94208K, 82% used [0x00000000c0000000,0x00000000c4c51c38,0x00000000c5c00000)
 Metaspace       used 80456K, committed 81984K, reserved 1179648K
  class space    used 8173K, committed 8768K, reserved 1048576K
}
Event: 4690.656 GC heap before
{Heap before GC invocations=150 (full 8):
 PSYoungGen      total 10752K, used 10720K [0x00000000eab00000, 0x00000000eb800000, 0x0000000100000000)
  eden space 10240K, 100% used [0x00000000eab00000,0x00000000eb500000,0x00000000eb500000)
  from space 512K, 93% used [0x00000000eb780000,0x00000000eb7f8000,0x00000000eb800000)
  to   space 1024K, 0% used [0x00000000eb600000,0x00000000eb600000,0x00000000eb700000)
 ParOldGen       total 94208K, used 78151K [0x00000000c0000000, 0x00000000c5c00000, 0x00000000eab00000)
  object space 94208K, 82% used [0x00000000c0000000,0x00000000c4c51c38,0x00000000c5c00000)
 Metaspace       used 80458K, committed 81984K, reserved 1179648K
  class space    used 8173K, committed 8768K, reserved 1048576K
}
Event: 4690.660 GC heap after
{Heap after GC invocations=150 (full 8):
 PSYoungGen      total 11264K, used 512K [0x00000000eab00000, 0x00000000eb800000, 0x0000000100000000)
  eden space 10240K, 0% used [0x00000000eab00000,0x00000000eab00000,0x00000000eb500000)
  from space 1024K, 50% used [0x00000000eb600000,0x00000000eb680000,0x00000000eb700000)
  to   space 1024K, 0% used [0x00000000eb700000,0x00000000eb700000,0x00000000eb800000)
 ParOldGen       total 94208K, used 78339K [0x00000000c0000000, 0x00000000c5c00000, 0x00000000eab00000)
  object space 94208K, 83% used [0x00000000c0000000,0x00000000c4c80eb0,0x00000000c5c00000)
 Metaspace       used 80458K, committed 81984K, reserved 1179648K
  class space    used 8173K, committed 8768K, reserved 1048576K
}
Event: 4690.838 GC heap before
{Heap before GC invocations=151 (full 8):
 PSYoungGen      total 11264K, used 10752K [0x00000000eab00000, 0x00000000eb800000, 0x0000000100000000)
  eden space 10240K, 100% used [0x00000000eab00000,0x00000000eb500000,0x00000000eb500000)
  from space 1024K, 50% used [0x00000000eb600000,0x00000000eb680000,0x00000000eb700000)
  to   space 1024K, 0% used [0x00000000eb700000,0x00000000eb700000,0x00000000eb800000)
 ParOldGen       total 94208K, used 78339K [0x00000000c0000000, 0x00000000c5c00000, 0x00000000eab00000)
  object space 94208K, 83% used [0x00000000c0000000,0x00000000c4c80eb0,0x00000000c5c00000)
 Metaspace       used 80458K, committed 81984K, reserved 1179648K
  class space    used 8173K, committed 8768K, reserved 1048576K
}
Event: 4690.839 GC heap after
{Heap after GC invocations=151 (full 8):
 PSYoungGen      total 10752K, used 160K [0x00000000eab00000, 0x00000000eb780000, 0x0000000100000000)
  eden space 10240K, 0% used [0x00000000eab00000,0x00000000eab00000,0x00000000eb500000)
  from space 512K, 31% used [0x00000000eb700000,0x00000000eb728000,0x00000000eb780000)
  to   space 512K, 0% used [0x00000000eb680000,0x00000000eb680000,0x00000000eb700000)
 ParOldGen       total 94208K, used 78387K [0x00000000c0000000, 0x00000000c5c00000, 0x00000000eab00000)
  object space 94208K, 83% used [0x00000000c0000000,0x00000000c4c8ceb0,0x00000000c5c00000)
 Metaspace       used 80458K, committed 81984K, reserved 1179648K
  class space    used 8173K, committed 8768K, reserved 1048576K
}
Event: 4691.403 GC heap before
{Heap before GC invocations=152 (full 8):
 PSYoungGen      total 10752K, used 10400K [0x00000000eab00000, 0x00000000eb780000, 0x0000000100000000)
  eden space 10240K, 100% used [0x00000000eab00000,0x00000000eb500000,0x00000000eb500000)
  from space 512K, 31% used [0x00000000eb700000,0x00000000eb728000,0x00000000eb780000)
  to   space 512K, 0% used [0x00000000eb680000,0x00000000eb680000,0x00000000eb700000)
 ParOldGen       total 94208K, used 78387K [0x00000000c0000000, 0x00000000c5c00000, 0x00000000eab00000)
  object space 94208K, 83% used [0x00000000c0000000,0x00000000c4c8ceb0,0x00000000c5c00000)
 Metaspace       used 80502K, committed 81984K, reserved 1179648K
  class space    used 8175K, committed 8768K, reserved 1048576K
}
Event: 4691.406 GC heap after
{Heap after GC invocations=152 (full 8):
 PSYoungGen      total 10752K, used 512K [0x00000000eab00000, 0x00000000eb800000, 0x0000000100000000)
  eden space 10240K, 0% used [0x00000000eab00000,0x00000000eab00000,0x00000000eb500000)
  from space 512K, 100% used [0x00000000eb680000,0x00000000eb700000,0x00000000eb700000)
  to   space 1024K, 0% used [0x00000000eb700000,0x00000000eb700000,0x00000000eb800000)
 ParOldGen       total 94208K, used 78843K [0x00000000c0000000, 0x00000000c5c00000, 0x00000000eab00000)
  object space 94208K, 83% used [0x00000000c0000000,0x00000000c4cfeeb0,0x00000000c5c00000)
 Metaspace       used 80502K, committed 81984K, reserved 1179648K
  class space    used 8175K, committed 8768K, reserved 1048576K
}

